In file included from [01m[K/home/turtlebot2/Desktop/turtlebot2_ros2/src/turtlebot2.cpp:1:0[m[K:
[01m[K/home/turtlebot2/Desktop/turtlebot2_ros2/src/Turtlebot.hpp:7:10:[m[K [01;31m[Kfatal error: [m[Ksensor_megs/msg/jointState.hhp: No such file or directory
 #include [01;31m[K<sensor_megs/msg/jointState.hhp>[m[K
          [01;31m[K^~~~~~~~~~~~~~~~~~~~~~~~~~~~~~~~[m[K
In file included from [01m[K/home/turtlebot2/Desktop/turtlebot2_ros2/src/Turtlebot.cpp:3:0[m[K:
[01m[K/home/turtlebot2/Desktop/turtlebot2_ros2/src/Turtlebot.hpp:7:10:[m[K [01;31m[Kfatal error: [m[Ksensor_megs/msg/jointState.hhp: No such file or directory
 #include [01;31m[K<sensor_megs/msg/jointState.hhp>[m[K
          [01;31m[K^~~~~~~~~~~~~~~~~~~~~~~~~~~~~~~~[m[K
In file included from [01m[K/home/turtlebot2/Desktop/turtlebot2_ros2/src/Turtlebot.cpp:3:0[m[K:
[01m[K/home/turtlebot2/Desktop/turtlebot2_ros2/src/Turtlebot.hpp:7:10:[m[K [01;31m[Kfatal error: [m[Ksensor_megs/msg/jointState.hhp: No such file or directory
 #include [01;31m[K<sensor_megs/msg/jointState.hhp>[m[K
          [01;31m[K^~~~~~~~~~~~~~~~~~~~~~~~~~~~~~~~[m[K
compilation terminated.
compilation terminated.
compilation terminated.
make[2]: *** [CMakeFiles/turtlebot2.dir/src/Turtlebot.cpp.o] Error 1
make[2]: *** Waiting for unfinished jobs....
make[2]: *** [CMakeFiles/Turtlebot.dir/src/Turtlebot.cpp.o] Error 1
make[2]: *** [CMakeFiles/turtlebot2.dir/src/turtlebot2.cpp.o] Error 1
make[1]: *** [CMakeFiles/Turtlebot.dir/all] Error 2
make[1]: *** Waiting for unfinished jobs....
make[1]: *** [CMakeFiles/turtlebot2.dir/all] Error 2
make: *** [all] Error 2
