Invoking command in '/home/turtlebot2/Desktop/turtlebot2_ros2/build/turtlebot_bringup': CMAKE_PREFIX_PATH=${CMAKE_PREFIX_PATH}:/home/turtlebot2/ros2_ws/install/ros2bag:/home/turtlebot2/ros2_ws/install/topic_monitor:/home/turtlebot2/ros2_ws/install/sros2:/home/turtlebot2/ros2_ws/install/rqt:/home/turtlebot2/ros2_ws/install/rqt_graph:/home/turtlebot2/ros2_ws/install/rqt_gui_py:/home/turtlebot2/ros2_ws/install/rqt_gui:/home/turtlebot2/ros2_ws/install/ros2topic:/home/turtlebot2/ros2_ws/install/ros2test:/home/turtlebot2/ros2_ws/install/ros2component:/home/turtlebot2/ros2_ws/install/ros2param:/home/turtlebot2/ros2_ws/install/ros2lifecycle:/home/turtlebot2/ros2_ws/install/ros2service:/home/turtlebot2/ros2_ws/install/ros2srv:/home/turtlebot2/ros2_ws/install/ros2run:/home/turtlebot2/ros2_ws/install/ros2launch:/home/turtlebot2/ros2_ws/install/ros2pkg:/home/turtlebot2/ros2_ws/install/ros2node:/home/turtlebot2/ros2_ws/install/ros2multicast:/home/turtlebot2/ros2_ws/install/ros2msg:/home/turtlebot2/ros2_ws/install/ros2action:/home/turtlebot2/ros2_ws/install/ros2cli:/home/turtlebot2/ros2_ws/install/quality_of_service_demo_py:/home/turtlebot2/ros2_ws/install/launch_testing_ros:/home/turtlebot2/ros2_ws/install/launch_ros:/home/turtlebot2/ros2_ws/install/examples_rclpy_minimal_subscriber:/home/turtlebot2/ros2_ws/install/examples_rclpy_minimal_service:/home/turtlebot2/ros2_ws/install/examples_rclpy_minimal_publisher:/home/turtlebot2/ros2_ws/install/examples_rclpy_minimal_client:/home/turtlebot2/ros2_ws/install/examples_rclpy_minimal_action_server:/home/turtlebot2/ros2_ws/install/examples_rclpy_minimal_action_client:/home/turtlebot2/ros2_ws/install/examples_rclpy_executors:/home/turtlebot2/ros2_ws/install/demo_nodes_py:/home/turtlebot2/ros2_ws/install/ament_uncrustify:/home/turtlebot2/ros2_ws/install/test_launch_ros:/home/turtlebot2/ros2_ws/install/rosidl_runtime_py:/home/turtlebot2/ros2_ws/install/launch_testing:/home/turtlebot2/ros2_ws/install/launch:/home/turtlebot2/ros2_ws/install/osrf_pycommon:/home/turtlebot2/ros2_ws/install/ament_xmllint:/home/turtlebot2/ros2_ws/install/ament_pyflakes:/home/turtlebot2/ros2_ws/install/ament_pep8:/home/turtlebot2/ros2_ws/install/ament_pep257:/home/turtlebot2/ros2_ws/install/ament_pclint:/home/turtlebot2/ros2_ws/install/ament_package:/home/turtlebot2/ros2_ws/install/ament_lint_cmake:/home/turtlebot2/ros2_ws/install/ament_flake8:/home/turtlebot2/ros2_ws/install/ament_copyright:/home/turtlebot2/ros2_ws/install/ament_lint:/home/turtlebot2/ros2_ws/install/ament_index_python:/home/turtlebot2/ros2_ws/install/ament_cpplint:/home/turtlebot2/ros2_ws/install/ament_cppcheck:/home/turtlebot2/ros2_ws/install/ament_clang_tidy:/home/turtlebot2/ros2_ws/install/ament_clang_format /usr/bin/cmake --build /home/turtlebot2/Desktop/turtlebot2_ros2/build/turtlebot_bringup -- -j4 -l4
[ 15%] Built target kobuki
[ 19%] Built target Thread
[ 24%] Built target Transport
[ 28%] Built target DockingController
[ 31%] Built target SerialPort
[ 42%] Built target KobukiBase
[ 56%] Built target Kobuki_impl
[ 59%] Built target Translator
[35m[1mScanning dependencies of target Turtlebot[0m
[35m[1mScanning dependencies of target turtlebot2[0m
[ 77%] Built target kobukicwrapper
[ 80%] [32mBuilding CXX object CMakeFiles/Turtlebot.dir/src/Turtlebot.cpp.o[0m
[ 80%] [32mBuilding CXX object CMakeFiles/turtlebot2.dir/src/turtlebot2.cpp.o[0m
[ 82%] [32mBuilding CXX object CMakeFiles/turtlebot2.dir/src/Turtlebot.cpp.o[0m
In file included from [01m[K/home/turtlebot2/Desktop/turtlebot2_ros2/src/turtlebot2.cpp:1:0[m[K:
[01m[K/home/turtlebot2/Desktop/turtlebot2_ros2/src/Turtlebot.hpp:7:10:[m[K [01;31m[Kfatal error: [m[Ksensor_megs/msg/jointState.hhp: No such file or directory
 #include [01;31m[K<sensor_megs/msg/jointState.hhp>[m[K
          [01;31m[K^~~~~~~~~~~~~~~~~~~~~~~~~~~~~~~~[m[K
In file included from [01m[K/home/turtlebot2/Desktop/turtlebot2_ros2/src/Turtlebot.cpp:3:0[m[K:
[01m[K/home/turtlebot2/Desktop/turtlebot2_ros2/src/Turtlebot.hpp:7:10:[m[K [01;31m[Kfatal error: [m[Ksensor_megs/msg/jointState.hhp: No such file or directory
 #include [01;31m[K<sensor_megs/msg/jointState.hhp>[m[K
          [01;31m[K^~~~~~~~~~~~~~~~~~~~~~~~~~~~~~~~[m[K
In file included from [01m[K/home/turtlebot2/Desktop/turtlebot2_ros2/src/Turtlebot.cpp:3:0[m[K:
[01m[K/home/turtlebot2/Desktop/turtlebot2_ros2/src/Turtlebot.hpp:7:10:[m[K [01;31m[Kfatal error: [m[Ksensor_megs/msg/jointState.hhp: No such file or directory
 #include [01;31m[K<sensor_megs/msg/jointState.hhp>[m[K
          [01;31m[K^~~~~~~~~~~~~~~~~~~~~~~~~~~~~~~~[m[K
compilation terminated.
compilation terminated.
compilation terminated.
CMakeFiles/turtlebot2.dir/build.make:86: recipe for target 'CMakeFiles/turtlebot2.dir/src/Turtlebot.cpp.o' failed
CMakeFiles/Turtlebot.dir/build.make:62: recipe for target 'CMakeFiles/Turtlebot.dir/src/Turtlebot.cpp.o' failed
CMakeFiles/turtlebot2.dir/build.make:62: recipe for target 'CMakeFiles/turtlebot2.dir/src/turtlebot2.cpp.o' failed
CMakeFiles/Makefile2:432: recipe for target 'CMakeFiles/Turtlebot.dir/all' failed
CMakeFiles/Makefile2:469: recipe for target 'CMakeFiles/turtlebot2.dir/all' failed
make[2]: *** [CMakeFiles/turtlebot2.dir/src/Turtlebot.cpp.o] Error 1
make[2]: *** Waiting for unfinished jobs....
make[2]: *** [CMakeFiles/Turtlebot.dir/src/Turtlebot.cpp.o] Error 1
make[2]: *** [CMakeFiles/turtlebot2.dir/src/turtlebot2.cpp.o] Error 1
make[1]: *** [CMakeFiles/Turtlebot.dir/all] Error 2
make[1]: *** Waiting for unfinished jobs....
make[1]: *** [CMakeFiles/turtlebot2.dir/all] Error 2
make: *** [all] Error 2
Makefile:140: recipe for target 'all' failed
Invoked command in '/home/turtlebot2/Desktop/turtlebot2_ros2/build/turtlebot_bringup' returned '2': CMAKE_PREFIX_PATH=${CMAKE_PREFIX_PATH}:/home/turtlebot2/ros2_ws/install/ros2bag:/home/turtlebot2/ros2_ws/install/topic_monitor:/home/turtlebot2/ros2_ws/install/sros2:/home/turtlebot2/ros2_ws/install/rqt:/home/turtlebot2/ros2_ws/install/rqt_graph:/home/turtlebot2/ros2_ws/install/rqt_gui_py:/home/turtlebot2/ros2_ws/install/rqt_gui:/home/turtlebot2/ros2_ws/install/ros2topic:/home/turtlebot2/ros2_ws/install/ros2test:/home/turtlebot2/ros2_ws/install/ros2component:/home/turtlebot2/ros2_ws/install/ros2param:/home/turtlebot2/ros2_ws/install/ros2lifecycle:/home/turtlebot2/ros2_ws/install/ros2service:/home/turtlebot2/ros2_ws/install/ros2srv:/home/turtlebot2/ros2_ws/install/ros2run:/home/turtlebot2/ros2_ws/install/ros2launch:/home/turtlebot2/ros2_ws/install/ros2pkg:/home/turtlebot2/ros2_ws/install/ros2node:/home/turtlebot2/ros2_ws/install/ros2multicast:/home/turtlebot2/ros2_ws/install/ros2msg:/home/turtlebot2/ros2_ws/install/ros2action:/home/turtlebot2/ros2_ws/install/ros2cli:/home/turtlebot2/ros2_ws/install/quality_of_service_demo_py:/home/turtlebot2/ros2_ws/install/launch_testing_ros:/home/turtlebot2/ros2_ws/install/launch_ros:/home/turtlebot2/ros2_ws/install/examples_rclpy_minimal_subscriber:/home/turtlebot2/ros2_ws/install/examples_rclpy_minimal_service:/home/turtlebot2/ros2_ws/install/examples_rclpy_minimal_publisher:/home/turtlebot2/ros2_ws/install/examples_rclpy_minimal_client:/home/turtlebot2/ros2_ws/install/examples_rclpy_minimal_action_server:/home/turtlebot2/ros2_ws/install/examples_rclpy_minimal_action_client:/home/turtlebot2/ros2_ws/install/examples_rclpy_executors:/home/turtlebot2/ros2_ws/install/demo_nodes_py:/home/turtlebot2/ros2_ws/install/ament_uncrustify:/home/turtlebot2/ros2_ws/install/test_launch_ros:/home/turtlebot2/ros2_ws/install/rosidl_runtime_py:/home/turtlebot2/ros2_ws/install/launch_testing:/home/turtlebot2/ros2_ws/install/launch:/home/turtlebot2/ros2_ws/install/osrf_pycommon:/home/turtlebot2/ros2_ws/install/ament_xmllint:/home/turtlebot2/ros2_ws/install/ament_pyflakes:/home/turtlebot2/ros2_ws/install/ament_pep8:/home/turtlebot2/ros2_ws/install/ament_pep257:/home/turtlebot2/ros2_ws/install/ament_pclint:/home/turtlebot2/ros2_ws/install/ament_package:/home/turtlebot2/ros2_ws/install/ament_lint_cmake:/home/turtlebot2/ros2_ws/install/ament_flake8:/home/turtlebot2/ros2_ws/install/ament_copyright:/home/turtlebot2/ros2_ws/install/ament_lint:/home/turtlebot2/ros2_ws/install/ament_index_python:/home/turtlebot2/ros2_ws/install/ament_cpplint:/home/turtlebot2/ros2_ws/install/ament_cppcheck:/home/turtlebot2/ros2_ws/install/ament_clang_tidy:/home/turtlebot2/ros2_ws/install/ament_clang_format /usr/bin/cmake --build /home/turtlebot2/Desktop/turtlebot2_ros2/build/turtlebot_bringup -- -j4 -l4
